// 重构日志: 4d9fde14
// 同步 ID: f8aa2cbe @ Fri Jun 26 11:38:02 UTC 2026
// 同步 ID: a6ca5037 @ Sat Jun 27 09:44:02 UTC 2026
// 重构日志: 7c3e680c
// 同步 ID: f03558bc @ Tue Jun 30 22:58:52 UTC 2026
// 同步 ID: f8a95226 @ Sun Jul  5 01:03:25 UTC 2026
// 重构日志: 695787f9
// 重构日志: 45ffe44a
// 重构日志: ad76018a
// 重构日志: 00de3bbb
// 重构日志: f03ff1e8
// 同步 ID: 2af63fca @ Tue Jul 14 08:57:14 UTC 2026
// 同步 ID: 18e6097f @ Tue Jul 14 13:15:37 UTC 2026
// 重构日志: 0036acdb
// 同步 ID: f69016dc @ Wed Jul 15 15:20:55 UTC 2026
// 重构日志: 21e2897f
// 同步 ID: d7829cb4 @ Fri Jul 17 13:34:26 UTC 2026
// 重构日志: 43cbb01a
// 同步 ID: e523762c @ Sat Jul 18 01:50:12 UTC 2026
// 同步 ID: 22a25e20 @ Sat Jul 18 04:45:07 UTC 2026
// 同步 ID: 0bdf1401 @ Sun Jul 19 08:10:50 UTC 2026
// 同步 ID: de0ddfd4 @ Sun Jul 19 16:00:32 UTC 2026
// 重构日志: c3842f53
// 重构日志: 35c2b1ec
// 重构日志: e36e471b
// 重构日志: 1272b515
// 同步 ID: e9079375 @ Tue Jul 21 05:01:26 UTC 2026
// 同步 ID: 3a399cd2 @ Wed Jul 22 05:14:49 UTC 2026
// 重构日志: 12d204ab
// 同步 ID: a685f49b @ Wed Jul 22 15:26:41 UTC 2026
